[0.479s] DEBUG:colcon:Command line arguments: ['/usr/bin/colcon', 'build', '--symlink-install']
[0.479s] DEBUG:colcon:Parsed command line arguments: Namespace(log_base=None, log_level=None, verb_name='build', build_base='build', install_base='install', merge_install=False, symlink_install=True, test_result_base=None, continue_on_error=False, executor='parallel', parallel_workers=4, event_handlers=None, ignore_user_meta=False, metas=['./colcon.meta'], base_paths=['.'], packages_ignore=None, packages_ignore_regex=None, paths=None, packages_up_to=None, packages_up_to_regex=None, packages_above=None, packages_above_and_dependencies=None, packages_above_depth=None, packages_select_by_dep=None, packages_skip_by_dep=None, packages_skip_up_to=None, packages_select_build_failed=False, packages_skip_build_finished=False, packages_select_test_failures=False, packages_skip_test_passed=False, packages_select=None, packages_skip=None, packages_select_regex=None, packages_skip_regex=None, packages_start=None, packages_end=None, allow_overriding=[], cmake_args=None, cmake_target=None, cmake_target_skip_unavailable=False, cmake_clean_cache=False, cmake_clean_first=False, cmake_force_configure=False, ament_cmake_args=None, catkin_cmake_args=None, catkin_skip_building_tests=False, verb_parser=<colcon_defaults.argument_parser.defaults.DefaultArgumentsDecorator object at 0xffff943958d0>, verb_extension=<colcon_core.verb.build.BuildVerb object at 0xffff944aad40>, main=<bound method BuildVerb.main of <colcon_core.verb.build.BuildVerb object at 0xffff944aad40>>)
[1.629s] Level 1:colcon.colcon_core.package_discovery:discover_packages(colcon_meta) check parameters
[1.630s] Level 1:colcon.colcon_core.package_discovery:discover_packages(recursive) check parameters
[1.630s] Level 1:colcon.colcon_core.package_discovery:discover_packages(ignore) check parameters
[1.630s] Level 1:colcon.colcon_core.package_discovery:discover_packages(path) check parameters
[1.630s] Level 1:colcon.colcon_core.package_discovery:discover_packages(colcon_meta) discover
[1.631s] Level 1:colcon.colcon_core.package_discovery:discover_packages(recursive) discover
[1.631s] INFO:colcon.colcon_core.package_discovery:Crawling recursively for packages in '/home/rob/ros2_ws_2'
[1.631s] Level 1:colcon.colcon_core.package_identification:_identify(.) by extensions ['ignore', 'ignore_ament_install']
[1.632s] Level 1:colcon.colcon_core.package_identification:_identify(.) by extension 'ignore'
[1.633s] Level 1:colcon.colcon_core.package_identification:_identify(.) by extension 'ignore_ament_install'
[1.633s] Level 1:colcon.colcon_core.package_identification:_identify(.) by extensions ['colcon_pkg']
[1.634s] Level 1:colcon.colcon_core.package_identification:_identify(.) by extension 'colcon_pkg'
[1.634s] Level 1:colcon.colcon_core.package_identification:_identify(.) by extensions ['colcon_meta']
[1.634s] Level 1:colcon.colcon_core.package_identification:_identify(.) by extension 'colcon_meta'
[1.634s] Level 1:colcon.colcon_core.package_identification:_identify(.) by extensions ['ros']
[1.634s] Level 1:colcon.colcon_core.package_identification:_identify(.) by extension 'ros'
[1.732s] Level 1:colcon.colcon_core.package_identification:_identify(.) by extensions ['cmake', 'python']
[1.732s] Level 1:colcon.colcon_core.package_identification:_identify(.) by extension 'cmake'
[1.732s] Level 1:colcon.colcon_core.package_identification:_identify(.) by extension 'python'
[1.732s] Level 1:colcon.colcon_core.package_identification:_identify(.) by extensions ['python_setup_py']
[1.733s] Level 1:colcon.colcon_core.package_identification:_identify(.) by extension 'python_setup_py'
[1.733s] Level 1:colcon.colcon_core.package_identification:_identify(build) by extensions ['ignore', 'ignore_ament_install']
[1.734s] Level 1:colcon.colcon_core.package_identification:_identify(build) by extension 'ignore'
[1.734s] Level 1:colcon.colcon_core.package_identification:_identify(build) ignored
[1.735s] Level 1:colcon.colcon_core.package_identification:_identify(install) by extensions ['ignore', 'ignore_ament_install']
[1.735s] Level 1:colcon.colcon_core.package_identification:_identify(install) by extension 'ignore'
[1.735s] Level 1:colcon.colcon_core.package_identification:_identify(install) ignored
[1.736s] Level 1:colcon.colcon_core.package_identification:_identify(log) by extensions ['ignore', 'ignore_ament_install']
[1.736s] Level 1:colcon.colcon_core.package_identification:_identify(log) by extension 'ignore'
[1.737s] Level 1:colcon.colcon_core.package_identification:_identify(log) ignored
[1.737s] Level 1:colcon.colcon_core.package_identification:_identify(src) by extensions ['ignore', 'ignore_ament_install']
[1.737s] Level 1:colcon.colcon_core.package_identification:_identify(src) by extension 'ignore'
[1.738s] Level 1:colcon.colcon_core.package_identification:_identify(src) by extension 'ignore_ament_install'
[1.738s] Level 1:colcon.colcon_core.package_identification:_identify(src) by extensions ['colcon_pkg']
[1.738s] Level 1:colcon.colcon_core.package_identification:_identify(src) by extension 'colcon_pkg'
[1.739s] Level 1:colcon.colcon_core.package_identification:_identify(src) by extensions ['colcon_meta']
[1.739s] Level 1:colcon.colcon_core.package_identification:_identify(src) by extension 'colcon_meta'
[1.739s] Level 1:colcon.colcon_core.package_identification:_identify(src) by extensions ['ros']
[1.739s] Level 1:colcon.colcon_core.package_identification:_identify(src) by extension 'ros'
[1.740s] Level 1:colcon.colcon_core.package_identification:_identify(src) by extensions ['cmake', 'python']
[1.740s] Level 1:colcon.colcon_core.package_identification:_identify(src) by extension 'cmake'
[1.740s] Level 1:colcon.colcon_core.package_identification:_identify(src) by extension 'python'
[1.740s] Level 1:colcon.colcon_core.package_identification:_identify(src) by extensions ['python_setup_py']
[1.740s] Level 1:colcon.colcon_core.package_identification:_identify(src) by extension 'python_setup_py'
[1.741s] Level 1:colcon.colcon_core.package_identification:_identify(src/ackerman_controller) by extensions ['ignore', 'ignore_ament_install']
[1.741s] Level 1:colcon.colcon_core.package_identification:_identify(src/ackerman_controller) by extension 'ignore'
[1.742s] Level 1:colcon.colcon_core.package_identification:_identify(src/ackerman_controller) by extension 'ignore_ament_install'
[1.742s] Level 1:colcon.colcon_core.package_identification:_identify(src/ackerman_controller) by extensions ['colcon_pkg']
[1.742s] Level 1:colcon.colcon_core.package_identification:_identify(src/ackerman_controller) by extension 'colcon_pkg'
[1.742s] Level 1:colcon.colcon_core.package_identification:_identify(src/ackerman_controller) by extensions ['colcon_meta']
[1.743s] Level 1:colcon.colcon_core.package_identification:_identify(src/ackerman_controller) by extension 'colcon_meta'
[1.743s] Level 1:colcon.colcon_core.package_identification:_identify(src/ackerman_controller) by extensions ['ros']
[1.743s] Level 1:colcon.colcon_core.package_identification:_identify(src/ackerman_controller) by extension 'ros'
[1.758s] DEBUG:colcon.colcon_core.package_identification:Package 'src/ackerman_controller' with type 'ros.ament_python' and name 'ackerman_controller'
[1.758s] Level 1:colcon.colcon_core.package_discovery:discover_packages(recursive) using defaults
[1.759s] Level 1:colcon.colcon_core.package_discovery:discover_packages(ignore) discover
[1.759s] Level 1:colcon.colcon_core.package_discovery:discover_packages(ignore) using defaults
[1.759s] Level 1:colcon.colcon_core.package_discovery:discover_packages(path) discover
[1.759s] Level 1:colcon.colcon_core.package_discovery:discover_packages(path) using defaults
[1.877s] Level 1:colcon.colcon_core.package_discovery:discover_packages(prefix_path) check parameters
[1.878s] Level 1:colcon.colcon_core.package_discovery:discover_packages(prefix_path) discover
[1.893s] DEBUG:colcon.colcon_installed_package_information.package_discovery:Found 1 installed packages in /home/rob/ros2_ws_2/install
[1.902s] DEBUG:colcon.colcon_installed_package_information.package_discovery:Found 181 installed packages in /opt/ros/humble
[1.907s] Level 1:colcon.colcon_core.package_discovery:discover_packages(prefix_path) using defaults
[2.041s] Level 5:colcon.colcon_core.verb:set package 'ackerman_controller' build argument 'cmake_args' from command line to 'None'
[2.041s] Level 5:colcon.colcon_core.verb:set package 'ackerman_controller' build argument 'cmake_target' from command line to 'None'
[2.042s] Level 5:colcon.colcon_core.verb:set package 'ackerman_controller' build argument 'cmake_target_skip_unavailable' from command line to 'False'
[2.042s] Level 5:colcon.colcon_core.verb:set package 'ackerman_controller' build argument 'cmake_clean_cache' from command line to 'False'
[2.042s] Level 5:colcon.colcon_core.verb:set package 'ackerman_controller' build argument 'cmake_clean_first' from command line to 'False'
[2.042s] Level 5:colcon.colcon_core.verb:set package 'ackerman_controller' build argument 'cmake_force_configure' from command line to 'False'
[2.042s] Level 5:colcon.colcon_core.verb:set package 'ackerman_controller' build argument 'ament_cmake_args' from command line to 'None'
[2.042s] Level 5:colcon.colcon_core.verb:set package 'ackerman_controller' build argument 'catkin_cmake_args' from command line to 'None'
[2.042s] Level 5:colcon.colcon_core.verb:set package 'ackerman_controller' build argument 'catkin_skip_building_tests' from command line to 'False'
[2.043s] DEBUG:colcon.colcon_core.verb:Building package 'ackerman_controller' with the following arguments: {'ament_cmake_args': None, 'build_base': '/home/rob/ros2_ws_2/build/ackerman_controller', 'catkin_cmake_args': None, 'catkin_skip_building_tests': False, 'cmake_args': None, 'cmake_clean_cache': False, 'cmake_clean_first': False, 'cmake_force_configure': False, 'cmake_target': None, 'cmake_target_skip_unavailable': False, 'install_base': '/home/rob/ros2_ws_2/install/ackerman_controller', 'merge_install': False, 'path': '/home/rob/ros2_ws_2/src/ackerman_controller', 'symlink_install': True, 'test_result_base': None}
[2.044s] INFO:colcon.colcon_core.executor:Executing jobs using 'parallel' executor
[2.048s] DEBUG:colcon.colcon_parallel_executor.executor.parallel:run_until_complete
[2.049s] INFO:colcon.colcon_ros.task.ament_python.build:Building ROS package in '/home/rob/ros2_ws_2/src/ackerman_controller' with build type 'ament_python'
[2.049s] Level 1:colcon.colcon_core.shell:create_environment_hook('ackerman_controller', 'ament_prefix_path')
[2.067s] INFO:colcon.colcon_core.plugin_system:Skipping extension 'colcon_core.shell.bat': Not used on non-Windows systems
[2.069s] INFO:colcon.colcon_core.shell:Creating environment hook '/home/rob/ros2_ws_2/install/ackerman_controller/share/ackerman_controller/hook/ament_prefix_path.ps1'
[2.073s] INFO:colcon.colcon_core.shell:Creating environment descriptor '/home/rob/ros2_ws_2/install/ackerman_controller/share/ackerman_controller/hook/ament_prefix_path.dsv'
[2.077s] INFO:colcon.colcon_core.shell:Creating environment hook '/home/rob/ros2_ws_2/install/ackerman_controller/share/ackerman_controller/hook/ament_prefix_path.sh'
[2.082s] INFO:colcon.colcon_core.shell:Skip shell extension 'powershell' for command environment: Not usable outside of PowerShell
[2.083s] DEBUG:colcon.colcon_core.shell:Skip shell extension 'dsv' for command environment
[3.296s] INFO:colcon.colcon_core.task.python.build:Building Python package in '/home/rob/ros2_ws_2/src/ackerman_controller'
[3.297s] INFO:colcon.colcon_core.shell:Skip shell extension 'powershell' for command environment: Not usable outside of PowerShell
[3.297s] DEBUG:colcon.colcon_core.shell:Skip shell extension 'dsv' for command environment
[5.601s] DEBUG:colcon.colcon_core.event_handler.log_command:Invoking command in '/home/rob/ros2_ws_2/build/ackerman_controller': PYTHONPATH=/home/rob/ros2_ws_2/build/ackerman_controller/prefix_override:/usr/lib/python3/dist-packages/colcon_core/task/python/colcon_distutils_commands:/home/rob/ros2_ws_2/install/ackerman_controller/lib/python3.10/site-packages:${PYTHONPATH} /usr/bin/python3 -W ignore:setup.py install is deprecated -W ignore:easy_install command is deprecated setup.py develop --editable --build-directory /home/rob/ros2_ws_2/build/ackerman_controller/build --no-deps symlink_data
[7.614s] Level 1:colcon.colcon_core.shell:create_environment_hook('ackerman_controller', 'pythonpath_develop')
[7.615s] INFO:colcon.colcon_core.shell:Creating environment hook '/home/rob/ros2_ws_2/build/ackerman_controller/share/ackerman_controller/hook/pythonpath_develop.ps1'
[7.617s] DEBUG:colcon.colcon_core.event_handler.log_command:Invoked command in '/home/rob/ros2_ws_2/build/ackerman_controller' returned '0': PYTHONPATH=/home/rob/ros2_ws_2/build/ackerman_controller/prefix_override:/usr/lib/python3/dist-packages/colcon_core/task/python/colcon_distutils_commands:/home/rob/ros2_ws_2/install/ackerman_controller/lib/python3.10/site-packages:${PYTHONPATH} /usr/bin/python3 -W ignore:setup.py install is deprecated -W ignore:easy_install command is deprecated setup.py develop --editable --build-directory /home/rob/ros2_ws_2/build/ackerman_controller/build --no-deps symlink_data
[7.620s] INFO:colcon.colcon_core.shell:Creating environment descriptor '/home/rob/ros2_ws_2/build/ackerman_controller/share/ackerman_controller/hook/pythonpath_develop.dsv'
[7.623s] INFO:colcon.colcon_core.shell:Creating environment hook '/home/rob/ros2_ws_2/build/ackerman_controller/share/ackerman_controller/hook/pythonpath_develop.sh'
[7.664s] Level 1:colcon.colcon_core.environment:checking '/home/rob/ros2_ws_2/install/ackerman_controller' for CMake module files
[7.669s] Level 1:colcon.colcon_core.environment:checking '/home/rob/ros2_ws_2/install/ackerman_controller' for CMake config files
[7.675s] Level 1:colcon.colcon_core.environment:checking '/home/rob/ros2_ws_2/install/ackerman_controller/lib'
[7.676s] Level 1:colcon.colcon_core.environment:checking '/home/rob/ros2_ws_2/install/ackerman_controller/bin'
[7.677s] Level 1:colcon.colcon_core.environment:checking '/home/rob/ros2_ws_2/install/ackerman_controller/lib/pkgconfig/ackerman_controller.pc'
[7.678s] Level 1:colcon.colcon_core.environment:checking '/home/rob/ros2_ws_2/install/ackerman_controller/lib/python3.10/site-packages'
[7.679s] Level 1:colcon.colcon_core.shell:create_environment_hook('ackerman_controller', 'pythonpath')
[7.680s] INFO:colcon.colcon_core.shell:Creating environment hook '/home/rob/ros2_ws_2/install/ackerman_controller/share/ackerman_controller/hook/pythonpath.ps1'
[7.682s] INFO:colcon.colcon_core.shell:Creating environment descriptor '/home/rob/ros2_ws_2/install/ackerman_controller/share/ackerman_controller/hook/pythonpath.dsv'
[7.684s] INFO:colcon.colcon_core.shell:Creating environment hook '/home/rob/ros2_ws_2/install/ackerman_controller/share/ackerman_controller/hook/pythonpath.sh'
[7.687s] Level 1:colcon.colcon_core.environment:checking '/home/rob/ros2_ws_2/install/ackerman_controller/bin'
[7.687s] Level 1:colcon.colcon_core.environment:create_environment_scripts_only(ackerman_controller)
[7.689s] INFO:colcon.colcon_core.shell:Creating package script '/home/rob/ros2_ws_2/install/ackerman_controller/share/ackerman_controller/package.ps1'
[7.694s] INFO:colcon.colcon_core.shell:Creating package descriptor '/home/rob/ros2_ws_2/install/ackerman_controller/share/ackerman_controller/package.dsv'
[7.699s] INFO:colcon.colcon_core.shell:Creating package script '/home/rob/ros2_ws_2/install/ackerman_controller/share/ackerman_controller/package.sh'
[7.705s] INFO:colcon.colcon_core.shell:Creating package script '/home/rob/ros2_ws_2/install/ackerman_controller/share/ackerman_controller/package.bash'
[7.711s] INFO:colcon.colcon_core.shell:Creating package script '/home/rob/ros2_ws_2/install/ackerman_controller/share/ackerman_controller/package.zsh'
[7.717s] Level 1:colcon.colcon_core.environment:create_file_with_runtime_dependencies(/home/rob/ros2_ws_2/install/ackerman_controller/share/colcon-core/packages/ackerman_controller)
[7.719s] DEBUG:colcon.colcon_parallel_executor.executor.parallel:closing loop
[7.720s] DEBUG:colcon.colcon_parallel_executor.executor.parallel:loop closed
[7.720s] DEBUG:colcon.colcon_parallel_executor.executor.parallel:run_until_complete finished with '0'
[7.721s] DEBUG:colcon.colcon_core.event_reactor:joining thread
[7.750s] INFO:colcon.colcon_core.plugin_system:Skipping extension 'colcon_notification.desktop_notification.notify_send': Could not find 'notify-send'
[7.750s] INFO:colcon.colcon_core.plugin_system:Skipping extension 'colcon_notification.desktop_notification.terminal_notifier': Not used on non-Darwin systems
[7.751s] INFO:colcon.colcon_core.plugin_system:Skipping extension 'colcon_notification.desktop_notification.win32': Not used on non-Windows systems
[7.751s] INFO:colcon.colcon_notification.desktop_notification:Sending desktop notification using 'notify2'
[7.783s] DEBUG:colcon.colcon_notification.desktop_notification.notify2:Failed to initialize notify2: org.freedesktop.DBus.Error.ServiceUnknown: The name org.freedesktop.Notifications was not provided by any .service files
[7.783s] DEBUG:colcon.colcon_core.event_reactor:joined thread
[7.785s] INFO:colcon.colcon_core.shell:Creating prefix script '/home/rob/ros2_ws_2/install/local_setup.ps1'
[7.791s] INFO:colcon.colcon_core.shell:Creating prefix util module '/home/rob/ros2_ws_2/install/_local_setup_util_ps1.py'
[7.800s] INFO:colcon.colcon_core.shell:Creating prefix chain script '/home/rob/ros2_ws_2/install/setup.ps1'
[7.806s] INFO:colcon.colcon_core.shell:Creating prefix script '/home/rob/ros2_ws_2/install/local_setup.sh'
[7.813s] INFO:colcon.colcon_core.shell:Creating prefix util module '/home/rob/ros2_ws_2/install/_local_setup_util_sh.py'
[7.817s] INFO:colcon.colcon_core.shell:Creating prefix chain script '/home/rob/ros2_ws_2/install/setup.sh'
[7.824s] INFO:colcon.colcon_core.shell:Creating prefix script '/home/rob/ros2_ws_2/install/local_setup.bash'
[7.828s] INFO:colcon.colcon_core.shell:Creating prefix chain script '/home/rob/ros2_ws_2/install/setup.bash'
[7.833s] INFO:colcon.colcon_core.shell:Creating prefix script '/home/rob/ros2_ws_2/install/local_setup.zsh'
[7.838s] INFO:colcon.colcon_core.shell:Creating prefix chain script '/home/rob/ros2_ws_2/install/setup.zsh'
