running egg_info
creating ../../build/ackerman_controller/ackerman_controller.egg-info
writing ../../build/ackerman_controller/ackerman_controller.egg-info/PKG-INFO
writing dependency_links to ../../build/ackerman_controller/ackerman_controller.egg-info/dependency_links.txt
writing entry points to ../../build/ackerman_controller/ackerman_controller.egg-info/entry_points.txt
writing requirements to ../../build/ackerman_controller/ackerman_controller.egg-info/requires.txt
writing top-level names to ../../build/ackerman_controller/ackerman_controller.egg-info/top_level.txt
writing manifest file '../../build/ackerman_controller/ackerman_controller.egg-info/SOURCES.txt'
reading manifest file '../../build/ackerman_controller/ackerman_controller.egg-info/SOURCES.txt'
writing manifest file '../../build/ackerman_controller/ackerman_controller.egg-info/SOURCES.txt'
running build
running build_py
creating /home/rob/ros2_ws_2/build/ackerman_controller/build
creating /home/rob/ros2_ws_2/build/ackerman_controller/build/lib
creating /home/rob/ros2_ws_2/build/ackerman_controller/build/lib/ackerman_controller
copying ackerman_controller/__init__.py -> /home/rob/ros2_ws_2/build/ackerman_controller/build/lib/ackerman_controller
running install
running install_lib
creating /home/rob/ros2_ws_2/install/ackerman_controller/lib/python3.10/site-packages/ackerman_controller
copying /home/rob/ros2_ws_2/build/ackerman_controller/build/lib/ackerman_controller/__init__.py -> /home/rob/ros2_ws_2/install/ackerman_controller/lib/python3.10/site-packages/ackerman_controller
byte-compiling /home/rob/ros2_ws_2/install/ackerman_controller/lib/python3.10/site-packages/ackerman_controller/__init__.py to __init__.cpython-310.pyc
running install_data
creating /home/rob/ros2_ws_2/install/ackerman_controller/share/ament_index
creating /home/rob/ros2_ws_2/install/ackerman_controller/share/ament_index/resource_index
creating /home/rob/ros2_ws_2/install/ackerman_controller/share/ament_index/resource_index/packages
copying resource/ackerman_controller -> /home/rob/ros2_ws_2/install/ackerman_controller/share/ament_index/resource_index/packages
copying package.xml -> /home/rob/ros2_ws_2/install/ackerman_controller/share/ackerman_controller
running install_egg_info
Copying ../../build/ackerman_controller/ackerman_controller.egg-info to /home/rob/ros2_ws_2/install/ackerman_controller/lib/python3.10/site-packages/ackerman_controller-0.0.0-py3.10.egg-info
running install_scripts
writing list of installed files to '/home/rob/ros2_ws_2/build/ackerman_controller/install.log'
