[0.480s] DEBUG:colcon:Command line arguments: ['/usr/bin/colcon', 'build', '--symlink-install']
[0.481s] DEBUG:colcon:Parsed command line arguments: Namespace(log_base=None, log_level=None, verb_name='build', build_base='build', install_base='install', merge_install=False, symlink_install=True, test_result_base=None, continue_on_error=False, executor='parallel', parallel_workers=4, event_handlers=None, ignore_user_meta=False, metas=['./colcon.meta'], base_paths=['.'], packages_ignore=None, packages_ignore_regex=None, paths=None, packages_up_to=None, packages_up_to_regex=None, packages_above=None, packages_above_and_dependencies=None, packages_above_depth=None, packages_select_by_dep=None, packages_skip_by_dep=None, packages_skip_up_to=None, packages_select_build_failed=False, packages_skip_build_finished=False, packages_select_test_failures=False, packages_skip_test_passed=False, packages_select=None, packages_skip=None, packages_select_regex=None, packages_skip_regex=None, packages_start=None, packages_end=None, allow_overriding=[], cmake_args=None, cmake_target=None, cmake_target_skip_unavailable=False, cmake_clean_cache=False, cmake_clean_first=False, cmake_force_configure=False, ament_cmake_args=None, catkin_cmake_args=None, catkin_skip_building_tests=False, verb_parser=<colcon_defaults.argument_parser.defaults.DefaultArgumentsDecorator object at 0xffffba2558a0>, verb_extension=<colcon_core.verb.build.BuildVerb object at 0xffffba36ad10>, main=<bound method BuildVerb.main of <colcon_core.verb.build.BuildVerb object at 0xffffba36ad10>>)
[1.579s] Level 1:colcon.colcon_core.package_discovery:discover_packages(colcon_meta) check parameters
[1.580s] Level 1:colcon.colcon_core.package_discovery:discover_packages(recursive) check parameters
[1.580s] Level 1:colcon.colcon_core.package_discovery:discover_packages(ignore) check parameters
[1.580s] Level 1:colcon.colcon_core.package_discovery:discover_packages(path) check parameters
[1.580s] Level 1:colcon.colcon_core.package_discovery:discover_packages(colcon_meta) discover
[1.581s] Level 1:colcon.colcon_core.package_discovery:discover_packages(recursive) discover
[1.581s] INFO:colcon.colcon_core.package_discovery:Crawling recursively for packages in '/home/rob/ros2_ws_2'
[1.582s] Level 1:colcon.colcon_core.package_identification:_identify(.) by extensions ['ignore', 'ignore_ament_install']
[1.583s] Level 1:colcon.colcon_core.package_identification:_identify(.) by extension 'ignore'
[1.583s] Level 1:colcon.colcon_core.package_identification:_identify(.) by extension 'ignore_ament_install'
[1.584s] Level 1:colcon.colcon_core.package_identification:_identify(.) by extensions ['colcon_pkg']
[1.584s] Level 1:colcon.colcon_core.package_identification:_identify(.) by extension 'colcon_pkg'
[1.584s] Level 1:colcon.colcon_core.package_identification:_identify(.) by extensions ['colcon_meta']
[1.584s] Level 1:colcon.colcon_core.package_identification:_identify(.) by extension 'colcon_meta'
[1.585s] Level 1:colcon.colcon_core.package_identification:_identify(.) by extensions ['ros']
[1.585s] Level 1:colcon.colcon_core.package_identification:_identify(.) by extension 'ros'
[1.656s] Level 1:colcon.colcon_core.package_identification:_identify(.) by extensions ['cmake', 'python']
[1.657s] Level 1:colcon.colcon_core.package_identification:_identify(.) by extension 'cmake'
[1.657s] Level 1:colcon.colcon_core.package_identification:_identify(.) by extension 'python'
[1.658s] Level 1:colcon.colcon_core.package_identification:_identify(.) by extensions ['python_setup_py']
[1.658s] Level 1:colcon.colcon_core.package_identification:_identify(.) by extension 'python_setup_py'
[1.659s] Level 1:colcon.colcon_core.package_identification:_identify(build) by extensions ['ignore', 'ignore_ament_install']
[1.659s] Level 1:colcon.colcon_core.package_identification:_identify(build) by extension 'ignore'
[1.659s] Level 1:colcon.colcon_core.package_identification:_identify(build) ignored
[1.660s] Level 1:colcon.colcon_core.package_identification:_identify(install) by extensions ['ignore', 'ignore_ament_install']
[1.661s] Level 1:colcon.colcon_core.package_identification:_identify(install) by extension 'ignore'
[1.661s] Level 1:colcon.colcon_core.package_identification:_identify(install) ignored
[1.661s] Level 1:colcon.colcon_core.package_identification:_identify(log) by extensions ['ignore', 'ignore_ament_install']
[1.662s] Level 1:colcon.colcon_core.package_identification:_identify(log) by extension 'ignore'
[1.662s] Level 1:colcon.colcon_core.package_identification:_identify(log) ignored
[1.662s] Level 1:colcon.colcon_core.package_identification:_identify(src) by extensions ['ignore', 'ignore_ament_install']
[1.663s] Level 1:colcon.colcon_core.package_identification:_identify(src) by extension 'ignore'
[1.663s] Level 1:colcon.colcon_core.package_identification:_identify(src) by extension 'ignore_ament_install'
[1.664s] Level 1:colcon.colcon_core.package_identification:_identify(src) by extensions ['colcon_pkg']
[1.664s] Level 1:colcon.colcon_core.package_identification:_identify(src) by extension 'colcon_pkg'
[1.664s] Level 1:colcon.colcon_core.package_identification:_identify(src) by extensions ['colcon_meta']
[1.664s] Level 1:colcon.colcon_core.package_identification:_identify(src) by extension 'colcon_meta'
[1.664s] Level 1:colcon.colcon_core.package_identification:_identify(src) by extensions ['ros']
[1.664s] Level 1:colcon.colcon_core.package_identification:_identify(src) by extension 'ros'
[1.665s] Level 1:colcon.colcon_core.package_identification:_identify(src) by extensions ['cmake', 'python']
[1.665s] Level 1:colcon.colcon_core.package_identification:_identify(src) by extension 'cmake'
[1.665s] Level 1:colcon.colcon_core.package_identification:_identify(src) by extension 'python'
[1.665s] Level 1:colcon.colcon_core.package_identification:_identify(src) by extensions ['python_setup_py']
[1.666s] Level 1:colcon.colcon_core.package_identification:_identify(src) by extension 'python_setup_py'
[1.666s] Level 1:colcon.colcon_core.package_identification:_identify(src/ackerman_controller) by extensions ['ignore', 'ignore_ament_install']
[1.667s] Level 1:colcon.colcon_core.package_identification:_identify(src/ackerman_controller) by extension 'ignore'
[1.667s] Level 1:colcon.colcon_core.package_identification:_identify(src/ackerman_controller) by extension 'ignore_ament_install'
[1.668s] Level 1:colcon.colcon_core.package_identification:_identify(src/ackerman_controller) by extensions ['colcon_pkg']
[1.668s] Level 1:colcon.colcon_core.package_identification:_identify(src/ackerman_controller) by extension 'colcon_pkg'
[1.668s] Level 1:colcon.colcon_core.package_identification:_identify(src/ackerman_controller) by extensions ['colcon_meta']
[1.669s] Level 1:colcon.colcon_core.package_identification:_identify(src/ackerman_controller) by extension 'colcon_meta'
[1.669s] Level 1:colcon.colcon_core.package_identification:_identify(src/ackerman_controller) by extensions ['ros']
[1.669s] Level 1:colcon.colcon_core.package_identification:_identify(src/ackerman_controller) by extension 'ros'
[1.683s] DEBUG:colcon.colcon_core.package_identification:Package 'src/ackerman_controller' with type 'ros.ament_python' and name 'ackerman_controller'
[1.683s] Level 1:colcon.colcon_core.package_discovery:discover_packages(recursive) using defaults
[1.683s] Level 1:colcon.colcon_core.package_discovery:discover_packages(ignore) discover
[1.683s] Level 1:colcon.colcon_core.package_discovery:discover_packages(ignore) using defaults
[1.684s] Level 1:colcon.colcon_core.package_discovery:discover_packages(path) discover
[1.684s] Level 1:colcon.colcon_core.package_discovery:discover_packages(path) using defaults
[1.798s] Level 1:colcon.colcon_core.package_discovery:discover_packages(prefix_path) check parameters
[1.799s] Level 1:colcon.colcon_core.package_discovery:discover_packages(prefix_path) discover
[1.813s] DEBUG:colcon.colcon_installed_package_information.package_discovery:Found 1 installed packages in /home/rob/ros2_ws_2/install
[1.821s] DEBUG:colcon.colcon_installed_package_information.package_discovery:Found 181 installed packages in /opt/ros/humble
[1.826s] Level 1:colcon.colcon_core.package_discovery:discover_packages(prefix_path) using defaults
[1.959s] Level 5:colcon.colcon_core.verb:set package 'ackerman_controller' build argument 'cmake_args' from command line to 'None'
[1.960s] Level 5:colcon.colcon_core.verb:set package 'ackerman_controller' build argument 'cmake_target' from command line to 'None'
[1.960s] Level 5:colcon.colcon_core.verb:set package 'ackerman_controller' build argument 'cmake_target_skip_unavailable' from command line to 'False'
[1.960s] Level 5:colcon.colcon_core.verb:set package 'ackerman_controller' build argument 'cmake_clean_cache' from command line to 'False'
[1.960s] Level 5:colcon.colcon_core.verb:set package 'ackerman_controller' build argument 'cmake_clean_first' from command line to 'False'
[1.960s] Level 5:colcon.colcon_core.verb:set package 'ackerman_controller' build argument 'cmake_force_configure' from command line to 'False'
[1.960s] Level 5:colcon.colcon_core.verb:set package 'ackerman_controller' build argument 'ament_cmake_args' from command line to 'None'
[1.960s] Level 5:colcon.colcon_core.verb:set package 'ackerman_controller' build argument 'catkin_cmake_args' from command line to 'None'
[1.961s] Level 5:colcon.colcon_core.verb:set package 'ackerman_controller' build argument 'catkin_skip_building_tests' from command line to 'False'
[1.961s] DEBUG:colcon.colcon_core.verb:Building package 'ackerman_controller' with the following arguments: {'ament_cmake_args': None, 'build_base': '/home/rob/ros2_ws_2/build/ackerman_controller', 'catkin_cmake_args': None, 'catkin_skip_building_tests': False, 'cmake_args': None, 'cmake_clean_cache': False, 'cmake_clean_first': False, 'cmake_force_configure': False, 'cmake_target': None, 'cmake_target_skip_unavailable': False, 'install_base': '/home/rob/ros2_ws_2/install/ackerman_controller', 'merge_install': False, 'path': '/home/rob/ros2_ws_2/src/ackerman_controller', 'symlink_install': True, 'test_result_base': None}
[1.961s] INFO:colcon.colcon_core.executor:Executing jobs using 'parallel' executor
[1.965s] DEBUG:colcon.colcon_parallel_executor.executor.parallel:run_until_complete
[1.967s] INFO:colcon.colcon_ros.task.ament_python.build:Building ROS package in '/home/rob/ros2_ws_2/src/ackerman_controller' with build type 'ament_python'
[1.967s] Level 1:colcon.colcon_core.shell:create_environment_hook('ackerman_controller', 'ament_prefix_path')
[1.985s] INFO:colcon.colcon_core.plugin_system:Skipping extension 'colcon_core.shell.bat': Not used on non-Windows systems
[1.986s] INFO:colcon.colcon_core.shell:Creating environment hook '/home/rob/ros2_ws_2/install/ackerman_controller/share/ackerman_controller/hook/ament_prefix_path.ps1'
[1.990s] INFO:colcon.colcon_core.shell:Creating environment descriptor '/home/rob/ros2_ws_2/install/ackerman_controller/share/ackerman_controller/hook/ament_prefix_path.dsv'
[1.995s] INFO:colcon.colcon_core.shell:Creating environment hook '/home/rob/ros2_ws_2/install/ackerman_controller/share/ackerman_controller/hook/ament_prefix_path.sh'
[2.001s] INFO:colcon.colcon_core.shell:Skip shell extension 'powershell' for command environment: Not usable outside of PowerShell
[2.001s] DEBUG:colcon.colcon_core.shell:Skip shell extension 'dsv' for command environment
[3.221s] INFO:colcon.colcon_core.task.python.build:Building Python package in '/home/rob/ros2_ws_2/src/ackerman_controller'
[3.223s] INFO:colcon.colcon_core.shell:Skip shell extension 'powershell' for command environment: Not usable outside of PowerShell
[3.223s] DEBUG:colcon.colcon_core.shell:Skip shell extension 'dsv' for command environment
[5.348s] DEBUG:colcon.colcon_core.event_handler.log_command:Invoking command in '/home/rob/ros2_ws_2/build/ackerman_controller': PYTHONPATH=/home/rob/ros2_ws_2/build/ackerman_controller/prefix_override:/usr/lib/python3/dist-packages/colcon_core/task/python/colcon_distutils_commands:/home/rob/ros2_ws_2/install/ackerman_controller/lib/python3.10/site-packages:${PYTHONPATH} /usr/bin/python3 -W ignore:setup.py install is deprecated -W ignore:easy_install command is deprecated setup.py develop --editable --build-directory /home/rob/ros2_ws_2/build/ackerman_controller/build --no-deps symlink_data
[7.387s] Level 1:colcon.colcon_core.shell:create_environment_hook('ackerman_controller', 'pythonpath_develop')
[7.388s] INFO:colcon.colcon_core.shell:Creating environment hook '/home/rob/ros2_ws_2/build/ackerman_controller/share/ackerman_controller/hook/pythonpath_develop.ps1'
[7.389s] DEBUG:colcon.colcon_core.event_handler.log_command:Invoked command in '/home/rob/ros2_ws_2/build/ackerman_controller' returned '0': PYTHONPATH=/home/rob/ros2_ws_2/build/ackerman_controller/prefix_override:/usr/lib/python3/dist-packages/colcon_core/task/python/colcon_distutils_commands:/home/rob/ros2_ws_2/install/ackerman_controller/lib/python3.10/site-packages:${PYTHONPATH} /usr/bin/python3 -W ignore:setup.py install is deprecated -W ignore:easy_install command is deprecated setup.py develop --editable --build-directory /home/rob/ros2_ws_2/build/ackerman_controller/build --no-deps symlink_data
[7.391s] INFO:colcon.colcon_core.shell:Creating environment descriptor '/home/rob/ros2_ws_2/build/ackerman_controller/share/ackerman_controller/hook/pythonpath_develop.dsv'
[7.393s] INFO:colcon.colcon_core.shell:Creating environment hook '/home/rob/ros2_ws_2/build/ackerman_controller/share/ackerman_controller/hook/pythonpath_develop.sh'
[7.416s] Level 1:colcon.colcon_core.environment:checking '/home/rob/ros2_ws_2/install/ackerman_controller' for CMake module files
[7.419s] Level 1:colcon.colcon_core.environment:checking '/home/rob/ros2_ws_2/install/ackerman_controller' for CMake config files
[7.423s] Level 1:colcon.colcon_core.environment:checking '/home/rob/ros2_ws_2/install/ackerman_controller/lib'
[7.424s] Level 1:colcon.colcon_core.environment:checking '/home/rob/ros2_ws_2/install/ackerman_controller/bin'
[7.425s] Level 1:colcon.colcon_core.environment:checking '/home/rob/ros2_ws_2/install/ackerman_controller/lib/pkgconfig/ackerman_controller.pc'
[7.426s] Level 1:colcon.colcon_core.environment:checking '/home/rob/ros2_ws_2/install/ackerman_controller/lib/python3.10/site-packages'
[7.426s] Level 1:colcon.colcon_core.shell:create_environment_hook('ackerman_controller', 'pythonpath')
[7.427s] INFO:colcon.colcon_core.shell:Creating environment hook '/home/rob/ros2_ws_2/install/ackerman_controller/share/ackerman_controller/hook/pythonpath.ps1'
[7.429s] INFO:colcon.colcon_core.shell:Creating environment descriptor '/home/rob/ros2_ws_2/install/ackerman_controller/share/ackerman_controller/hook/pythonpath.dsv'
[7.432s] INFO:colcon.colcon_core.shell:Creating environment hook '/home/rob/ros2_ws_2/install/ackerman_controller/share/ackerman_controller/hook/pythonpath.sh'
[7.435s] Level 1:colcon.colcon_core.environment:checking '/home/rob/ros2_ws_2/install/ackerman_controller/bin'
[7.435s] Level 1:colcon.colcon_core.environment:create_environment_scripts_only(ackerman_controller)
[7.436s] INFO:colcon.colcon_core.shell:Creating package script '/home/rob/ros2_ws_2/install/ackerman_controller/share/ackerman_controller/package.ps1'
[7.442s] INFO:colcon.colcon_core.shell:Creating package descriptor '/home/rob/ros2_ws_2/install/ackerman_controller/share/ackerman_controller/package.dsv'
[7.446s] INFO:colcon.colcon_core.shell:Creating package script '/home/rob/ros2_ws_2/install/ackerman_controller/share/ackerman_controller/package.sh'
[7.452s] INFO:colcon.colcon_core.shell:Creating package script '/home/rob/ros2_ws_2/install/ackerman_controller/share/ackerman_controller/package.bash'
[7.458s] INFO:colcon.colcon_core.shell:Creating package script '/home/rob/ros2_ws_2/install/ackerman_controller/share/ackerman_controller/package.zsh'
[7.463s] Level 1:colcon.colcon_core.environment:create_file_with_runtime_dependencies(/home/rob/ros2_ws_2/install/ackerman_controller/share/colcon-core/packages/ackerman_controller)
[7.464s] DEBUG:colcon.colcon_parallel_executor.executor.parallel:closing loop
[7.466s] DEBUG:colcon.colcon_parallel_executor.executor.parallel:loop closed
[7.466s] DEBUG:colcon.colcon_parallel_executor.executor.parallel:run_until_complete finished with '0'
[7.467s] DEBUG:colcon.colcon_core.event_reactor:joining thread
[7.494s] INFO:colcon.colcon_core.plugin_system:Skipping extension 'colcon_notification.desktop_notification.notify_send': Could not find 'notify-send'
[7.495s] INFO:colcon.colcon_core.plugin_system:Skipping extension 'colcon_notification.desktop_notification.terminal_notifier': Not used on non-Darwin systems
[7.495s] INFO:colcon.colcon_core.plugin_system:Skipping extension 'colcon_notification.desktop_notification.win32': Not used on non-Windows systems
[7.495s] INFO:colcon.colcon_notification.desktop_notification:Sending desktop notification using 'notify2'
[7.565s] DEBUG:colcon.colcon_notification.desktop_notification.notify2:Failed to initialize notify2: org.freedesktop.DBus.Error.ServiceUnknown: The name org.freedesktop.Notifications was not provided by any .service files
[7.566s] DEBUG:colcon.colcon_core.event_reactor:joined thread
[7.567s] INFO:colcon.colcon_core.shell:Creating prefix script '/home/rob/ros2_ws_2/install/local_setup.ps1'
[7.573s] INFO:colcon.colcon_core.shell:Creating prefix util module '/home/rob/ros2_ws_2/install/_local_setup_util_ps1.py'
[7.584s] INFO:colcon.colcon_core.shell:Creating prefix chain script '/home/rob/ros2_ws_2/install/setup.ps1'
[7.590s] INFO:colcon.colcon_core.shell:Creating prefix script '/home/rob/ros2_ws_2/install/local_setup.sh'
[7.597s] INFO:colcon.colcon_core.shell:Creating prefix util module '/home/rob/ros2_ws_2/install/_local_setup_util_sh.py'
[7.601s] INFO:colcon.colcon_core.shell:Creating prefix chain script '/home/rob/ros2_ws_2/install/setup.sh'
[7.607s] INFO:colcon.colcon_core.shell:Creating prefix script '/home/rob/ros2_ws_2/install/local_setup.bash'
[7.611s] INFO:colcon.colcon_core.shell:Creating prefix chain script '/home/rob/ros2_ws_2/install/setup.bash'
[7.617s] INFO:colcon.colcon_core.shell:Creating prefix script '/home/rob/ros2_ws_2/install/local_setup.zsh'
[7.621s] INFO:colcon.colcon_core.shell:Creating prefix chain script '/home/rob/ros2_ws_2/install/setup.zsh'
