[3.548s] Invoking command in '/home/rob/ros2_ws_2/build/ackerman_controller': PYTHONPATH=/home/rob/ros2_ws_2/build/ackerman_controller/prefix_override:/usr/lib/python3/dist-packages/colcon_core/task/python/colcon_distutils_commands:/home/rob/ros2_ws_2/install/ackerman_controller/lib/python3.10/site-packages:${PYTHONPATH} /usr/bin/python3 -W ignore:setup.py install is deprecated -W ignore:easy_install command is deprecated setup.py develop --editable --build-directory /home/rob/ros2_ws_2/build/ackerman_controller/build --no-deps symlink_data
[4.739s] running develop
[5.398s] running egg_info
[5.398s] writing ackerman_controller.egg-info/PKG-INFO
[5.400s] writing dependency_links to ackerman_controller.egg-info/dependency_links.txt
[5.401s] writing entry points to ackerman_controller.egg-info/entry_points.txt
[5.404s] writing requirements to ackerman_controller.egg-info/requires.txt
[5.404s] writing top-level names to ackerman_controller.egg-info/top_level.txt
[5.412s] reading manifest file 'ackerman_controller.egg-info/SOURCES.txt'
[5.417s] writing manifest file 'ackerman_controller.egg-info/SOURCES.txt'
[5.424s] running build_ext
[5.425s] Creating /home/rob/ros2_ws_2/install/ackerman_controller/lib/python3.10/site-packages/ackerman-controller.egg-link (link to .)
[5.429s] Installing ackerman_odo script to /home/rob/ros2_ws_2/install/ackerman_controller/lib/ackerman_controller
[5.430s] Installing ackerman_teleop script to /home/rob/ros2_ws_2/install/ackerman_controller/lib/ackerman_controller
[5.431s] Installing arduino_reader script to /home/rob/ros2_ws_2/install/ackerman_controller/lib/ackerman_controller
[5.432s] Installing arduino_writer script to /home/rob/ros2_ws_2/install/ackerman_controller/lib/ackerman_controller
[5.433s] 
[5.434s] Installed /home/rob/ros2_ws_2/build/ackerman_controller
[5.434s] running symlink_data
[5.566s] Invoked command in '/home/rob/ros2_ws_2/build/ackerman_controller' returned '0': PYTHONPATH=/home/rob/ros2_ws_2/build/ackerman_controller/prefix_override:/usr/lib/python3/dist-packages/colcon_core/task/python/colcon_distutils_commands:/home/rob/ros2_ws_2/install/ackerman_controller/lib/python3.10/site-packages:${PYTHONPATH} /usr/bin/python3 -W ignore:setup.py install is deprecated -W ignore:easy_install command is deprecated setup.py develop --editable --build-directory /home/rob/ros2_ws_2/build/ackerman_controller/build --no-deps symlink_data
